2022-03-18 13:09:20,190:INFO: -------- Dataset Build! --------
2022-03-18 13:09:20,192:INFO: -------- Get Dataloader! --------
2022-03-18 14:25:22,208:INFO: Epoch: 1, loss: 7.766773700714111
2022-03-18 14:56:15,165:INFO: Epoch: 1, Dev loss: 6.7204461097717285, Bleu Score: NaN
2022-03-18 15:36:55,459:INFO: Epoch: 2, loss: 6.2172532081604
2022-03-18 16:12:44,090:INFO: Epoch: 2, Dev loss: 5.5373454093933105, Bleu Score: NaN
2022-03-18 16:54:25,536:INFO: Epoch: 3, loss: 5.363539695739746
2022-03-18 17:24:12,393:INFO: Epoch: 3, Dev loss: 4.982038497924805, Bleu Score: NaN
2022-03-18 18:06:30,221:INFO: Epoch: 4, loss: 4.9009881019592285
2022-03-18 18:37:58,095:INFO: Epoch: 4, Dev loss: 4.704389572143555, Bleu Score: NaN
2022-03-18 19:20:23,390:INFO: Epoch: 5, loss: 4.61463737487793
2022-03-18 19:50:40,340:INFO: Epoch: 5, Dev loss: 4.5547776222229, Bleu Score: NaN
2022-03-18 20:32:50,148:INFO: Epoch: 6, loss: 4.415544509887695
2022-03-18 21:04:58,515:INFO: Epoch: 6, Dev loss: 4.449370384216309, Bleu Score: NaN
2022-03-18 21:47:09,840:INFO: Epoch: 7, loss: 4.268200874328613
2022-03-18 22:17:42,075:INFO: Epoch: 7, Dev loss: 4.375421524047852, Bleu Score: NaN
2022-03-18 22:59:27,463:INFO: Epoch: 8, loss: 4.159504413604736
2022-03-18 23:30:28,035:INFO: Epoch: 8, Dev loss: 4.33529806137085, Bleu Score: NaN
2022-03-19 00:13:12,109:INFO: Epoch: 9, loss: 4.066672325134277
2022-03-19 00:44:21,863:INFO: Epoch: 9, Dev loss: 4.298920154571533, Bleu Score: NaN
2022-03-19 01:26:26,546:INFO: Epoch: 10, loss: 3.9905762672424316
2022-03-19 01:57:21,702:INFO: Epoch: 10, Dev loss: 4.271881580352783, Bleu Score: NaN
2022-03-19 02:39:42,527:INFO: Epoch: 11, loss: 3.9234366416931152
2022-03-19 03:10:17,520:INFO: Epoch: 11, Dev loss: 4.265061855316162, Bleu Score: NaN
2022-03-19 03:52:20,507:INFO: Epoch: 12, loss: 3.8650920391082764
2022-03-19 04:25:11,854:INFO: Epoch: 12, Dev loss: 4.224031448364258, Bleu Score: NaN
2022-03-19 05:06:37,441:INFO: Epoch: 13, loss: 3.815950393676758
2022-03-19 05:36:48,687:INFO: Epoch: 13, Dev loss: 4.224429130554199, Bleu Score: NaN
2022-03-19 06:17:57,204:INFO: Epoch: 14, loss: 3.770846366882324
2022-03-19 06:48:43,869:INFO: Epoch: 14, Dev loss: 4.21567440032959, Bleu Score: NaN
2022-03-19 07:29:30,379:INFO: Epoch: 15, loss: 3.7274985313415527
2022-03-19 07:59:26,446:INFO: Epoch: 15, Dev loss: 4.211994647979736, Bleu Score: NaN
2022-03-19 08:40:13,841:INFO: Epoch: 16, loss: 3.6873481273651123
2022-03-19 09:10:14,677:INFO: Epoch: 16, Dev loss: 4.202983856201172, Bleu Score: NaN
2022-03-19 09:51:34,679:INFO: Epoch: 17, loss: 3.653820276260376
2022-03-19 10:22:47,702:INFO: Epoch: 17, Dev loss: 4.1951189041137695, Bleu Score: NaN
2022-03-19 11:04:06,621:INFO: Epoch: 18, loss: 3.622143268585205
2022-03-19 11:34:32,870:INFO: Epoch: 18, Dev loss: 4.185962677001953, Bleu Score: NaN
2022-03-19 12:15:58,732:INFO: Epoch: 19, loss: 3.594480276107788
2022-03-19 12:46:51,309:INFO: Epoch: 19, Dev loss: 4.187885761260986, Bleu Score: NaN
2022-03-19 13:28:08,812:INFO: Epoch: 20, loss: 3.565622568130493
2022-03-19 13:58:59,277:INFO: Epoch: 20, Dev loss: 4.191651344299316, Bleu Score: NaN
2022-03-19 14:40:26,060:INFO: Epoch: 21, loss: 3.5363497734069824
2022-03-19 15:10:43,323:INFO: Epoch: 21, Dev loss: 4.182130336761475, Bleu Score: NaN
2022-03-19 15:52:03,097:INFO: Epoch: 22, loss: 3.5145814418792725
2022-03-19 16:22:40,789:INFO: Epoch: 22, Dev loss: 4.180148124694824, Bleu Score: NaN
2022-03-19 17:03:57,834:INFO: Epoch: 23, loss: 3.488481283187866
2022-03-19 17:34:54,507:INFO: Epoch: 23, Dev loss: 4.19001579284668, Bleu Score: NaN
2022-03-19 18:16:24,287:INFO: Epoch: 24, loss: 3.468541145324707
2022-03-19 18:47:13,664:INFO: Epoch: 24, Dev loss: 4.17911434173584, Bleu Score: NaN
2022-03-19 19:27:59,234:INFO: Epoch: 25, loss: 3.4526426792144775
2022-03-19 19:58:01,848:INFO: Epoch: 25, Dev loss: 4.177920818328857, Bleu Score: NaN
2022-03-19 20:38:58,726:INFO: Epoch: 26, loss: 3.4279208183288574
2022-03-19 21:07:02,607:INFO: Epoch: 26, Dev loss: 4.181742191314697, Bleu Score: NaN
2022-03-19 21:46:33,461:INFO: Epoch: 27, loss: 3.410043478012085
2022-03-19 22:14:22,765:INFO: Epoch: 27, Dev loss: 4.18273401260376, Bleu Score: NaN
2022-03-19 22:53:57,243:INFO: Epoch: 28, loss: 3.394085645675659
2022-03-19 23:22:22,120:INFO: Epoch: 28, Dev loss: 4.183461666107178, Bleu Score: NaN
2022-03-20 00:01:49,899:INFO: Epoch: 29, loss: 3.377427101135254
2022-03-20 00:29:03,541:INFO: Epoch: 29, Dev loss: 4.191957473754883, Bleu Score: NaN
2022-03-20 01:08:56,807:INFO: Epoch: 30, loss: 3.3618228435516357
2022-03-20 01:36:42,557:INFO: Epoch: 30, Dev loss: 4.181972980499268, Bleu Score: NaN
2022-03-20 02:16:44,483:INFO: Epoch: 31, loss: 3.3447458744049072
2022-03-20 02:44:46,709:INFO: Epoch: 31, Dev loss: 4.180932521820068, Bleu Score: NaN
2022-03-20 03:25:10,647:INFO: Epoch: 32, loss: 3.330312490463257
2022-03-20 03:52:43,228:INFO: Epoch: 32, Dev loss: 4.183614730834961, Bleu Score: NaN
2022-03-20 04:33:02,975:INFO: Epoch: 33, loss: 3.3181869983673096
2022-03-20 05:00:13,512:INFO: Epoch: 33, Dev loss: 4.185646057128906, Bleu Score: NaN
2022-03-20 05:40:45,054:INFO: Epoch: 34, loss: 3.3020577430725098
2022-03-20 06:08:09,105:INFO: Epoch: 34, Dev loss: 4.191758155822754, Bleu Score: NaN
2022-03-20 06:46:55,033:INFO: Epoch: 35, loss: 3.288832426071167
2022-03-20 07:16:10,623:INFO: Epoch: 35, Dev loss: 4.1904401779174805, Bleu Score: NaN
2022-03-20 08:17:54,075:INFO: Test loss: 4.193746089935303,  Bleu Score: 24.886210975303587
